# JRE version: Java(TM) SE Runtime Environment (8.0_92-b14) (build 1.8.0_92-b14)
# Java VM: Java HotSpot(TM) 64-Bit Server VM (25.92-b14 mixed mode bsd-amd64 compressed oops)
Heap:
 PSYoungGen      total 139264K, used 50813K [0x0000000795580000, 0x000000079e480000, 0x00000007c0000000)
  eden space 133120K, 34% used [0x0000000795580000,0x00000007982311d8,0x000000079d780000)
  from space 6144K, 82% used [0x000000079de80000,0x000000079e36e590,0x000000079e480000)
  to   space 6656K, 0% used [0x000000079d780000,0x000000079d780000,0x000000079de00000)
 ParOldGen       total 87552K, used 1922K [0x0000000740000000, 0x0000000745580000, 0x0000000795580000)
  object space 87552K, 2% used [0x0000000740000000,0x00000007401e0bc8,0x0000000745580000)
 Metaspace       used 8668K, capacity 8904K, committed 8960K, reserved 1056768K
  class space    used 901K, capacity 994K, committed 1024K, reserved 1048576K
GC Heap History (10 events):
Event: 1.546 GC heap before
{Heap before GC invocations=2 (full 0):
 PSYoungGen      total 38400K, used 36606K [0x0000000795580000, 0x0000000798000000, 0x00000007c0000000)
  eden space 33280K, 100% used [0x0000000795580000,0x0000000797600000,0x0000000797600000)
  from space 5120K, 64% used [0x0000000797600000,0x000000079793f858,0x0000000797b00000)
  to   space 5120K, 0% used [0x0000000797b00000,0x0000000797b00000,0x0000000798000000)
 ParOldGen       total 87552K, used 16K [0x0000000740000000, 0x0000000745580000, 0x0000000795580000)
  object space 87552K, 0% used [0x0000000740000000,0x0000000740004000,0x0000000745580000)
 Metaspace       used 7404K, capacity 7590K, committed 7808K, reserved 1056768K
  class space    used 788K, capacity 883K, committed 896K, reserved 1048576K
Event: 1.550 GC heap after
Heap after GC invocations=2 (full 0):
 PSYoungGen      total 38400K, used 4480K [0x0000000795580000, 0x000000079a080000, 0x00000007c0000000)
  eden space 33280K, 0% used [0x0000000795580000,0x0000000795580000,0x0000000797600000)
  from space 5120K, 87% used [0x0000000797b00000,0x0000000797f60130,0x0000000798000000)
  to   space 5120K, 0% used [0x0000000797600000,0x0000000797600000,0x0000000797b00000)
 ParOldGen       total 87552K, used 24K [0x0000000740000000, 0x0000000745580000, 0x0000000795580000)
  object space 87552K, 0% used [0x0000000740000000,0x0000000740006000,0x0000000745580000)
 Metaspace       used 7404K, capacity 7590K, committed 7808K, reserved 1056768K
  class space    used 788K, capacity 883K, committed 896K, reserved 1048576K
}
Event: 2.017 GC heap before
{Heap before GC invocations=3 (full 0):
 PSYoungGen      total 38400K, used 37760K [0x0000000795580000, 0x000000079a080000, 0x00000007c0000000)
  eden space 33280K, 100% used [0x0000000795580000,0x0000000797600000,0x0000000797600000)
  from space 5120K, 87% used [0x0000000797b00000,0x0000000797f60130,0x0000000798000000)
  to   space 5120K, 0% used [0x0000000797600000,0x0000000797600000,0x0000000797b00000)
 ParOldGen       total 87552K, used 24K [0x0000000740000000, 0x0000000745580000, 0x0000000795580000)
  object space 87552K, 0% used [0x0000000740000000,0x0000000740006000,0x0000000745580000)
 Metaspace       used 7832K, capacity 8040K, committed 8192K, reserved 1056768K
  class space    used 836K, capacity 922K, committed 1024K, reserved 1048576K
Event: 2.033 GC heap after
Heap after GC invocations=3 (full 0):
 PSYoungGen      total 38400K, used 5116K [0x0000000795580000, 0x000000079a080000, 0x00000007c0000000)
  eden space 33280K, 0% used [0x0000000795580000,0x0000000795580000,0x0000000797600000)
  from space 5120K, 99% used [0x0000000797600000,0x0000000797aff200,0x0000000797b00000)
  to   space 5120K, 0% used [0x0000000799b80000,0x0000000799b80000,0x000000079a080000)
 ParOldGen       total 87552K, used 1781K [0x0000000740000000, 0x0000000745580000, 0x0000000795580000)
  object space 87552K, 2% used [0x0000000740000000,0x00000007401bd7f0,0x0000000745580000)
 Metaspace       used 7832K, capacity 8040K, committed 8192K, reserved 1056768K
  class space    used 836K, capacity 922K, committed 1024K, reserved 1048576K
}
Event: 2.259 GC heap before
{Heap before GC invocations=4 (full 0):
 PSYoungGen      total 38400K, used 38396K [0x0000000795580000, 0x000000079a080000, 0x00000007c0000000)
  eden space 33280K, 100% used [0x0000000795580000,0x0000000797600000,0x0000000797600000)
  from space 5120K, 99% used [0x0000000797600000,0x0000000797aff200,0x0000000797b00000)
  to   space 5120K, 0% used [0x0000000799b80000,0x0000000799b80000,0x000000079a080000)
 ParOldGen       total 87552K, used 1781K [0x0000000740000000, 0x0000000745580000, 0x0000000795580000)
  object space 87552K, 2% used [0x0000000740000000,0x00000007401bd7f0,0x0000000745580000)
 Metaspace       used 7839K, capacity 8040K, committed 8192K, reserved 1056768K
  class space    used 836K, capacity 922K, committed 1024K, reserved 1048576K
Event: 2.266 GC heap after
Heap after GC invocations=4 (full 0):
 PSYoungGen      total 71680K, used 5100K [0x0000000795580000, 0x000000079a080000, 0x00000007c0000000)
  eden space 66560K, 0% used [0x0000000795580000,0x0000000795580000,0x0000000799680000)
  from space 5120K, 99% used [0x0000000799b80000,0x000000079a07b230,0x000000079a080000)
  to   space 5120K, 0% used [0x0000000799680000,0x0000000799680000,0x0000000799b80000)
 ParOldGen       total 87552K, used 1821K [0x0000000740000000, 0x0000000745580000, 0x0000000795580000)
  object space 87552K, 2% used [0x0000000740000000,0x00000007401c77f0,0x0000000745580000)
 Metaspace       used 7839K, capacity 8040K, committed 8192K, reserved 1056768K
  class space    used 836K, capacity 922K, committed 1024K, reserved 1048576K
}
Event: 2.459 GC heap before
{Heap before GC invocations=5 (full 0):
 PSYoungGen      total 71680K, used 71660K [0x0000000795580000, 0x000000079a080000, 0x00000007c0000000)
  eden space 66560K, 100% used [0x0000000795580000,0x0000000799680000,0x0000000799680000)
  from space 5120K, 99% used [0x0000000799b80000,0x000000079a07b230,0x000000079a080000)
  to   space 5120K, 0% used [0x0000000799680000,0x0000000799680000,0x0000000799b80000)
 ParOldGen       total 87552K, used 1821K [0x0000000740000000, 0x0000000745580000, 0x0000000795580000)
  object space 87552K, 2% used [0x0000000740000000,0x00000007401c77f0,0x0000000745580000)
 Metaspace       used 7934K, capacity 8104K, committed 8448K, reserved 1056768K
  class space    used 846K, capacity 922K, committed 1024K, reserved 1048576K
Event: 2.469 GC heap after
Heap after GC invocations=5 (full 0):
 PSYoungGen      total 71680K, used 5100K [0x0000000795580000, 0x000000079e580000, 0x00000007c0000000)
  eden space 66560K, 0% used [0x0000000795580000,0x0000000795580000,0x0000000799680000)
  from space 5120K, 99% used [0x0000000799680000,0x0000000799b7b1f0,0x0000000799b80000)
  to   space 7168K, 0% used [0x000000079de80000,0x000000079de80000,0x000000079e580000)
 ParOldGen       total 87552K, used 1914K [0x0000000740000000, 0x0000000745580000, 0x0000000795580000)
  object space 87552K, 2% used [0x0000000740000000,0x00000007401debc8,0x0000000745580000)
 Metaspace       used 7934K, capacity 8104K, committed 8448K, reserved 1056768K
  class space    used 846K, capacity 922K, committed 1024K, reserved 1048576K
}
Event: 14.282 GC heap before
{Heap before GC invocations=6 (full 0):
 PSYoungGen      total 71680K, used 71660K [0x0000000795580000, 0x000000079e580000, 0x00000007c0000000)
  eden space 66560K, 100% used [0x0000000795580000,0x0000000799680000,0x0000000799680000)
  from space 5120K, 99% used [0x0000000799680000,0x0000000799b7b1f0,0x0000000799b80000)
  to   space 7168K, 0% used [0x000000079de80000,0x000000079de80000,0x000000079e580000)
 ParOldGen       total 87552K, used 1914K [0x0000000740000000, 0x0000000745580000, 0x0000000795580000)
  object space 87552K, 2% used [0x0000000740000000,0x00000007401debc8,0x0000000745580000)
 Metaspace       used 8231K, capacity 8488K, committed 8704K, reserved 1056768K
  class space    used 880K, capacity 962K, committed 1024K, reserved 1048576K
Event: 14.293 GC heap after
Heap after GC invocations=6 (full 0):
 PSYoungGen      total 139264K, used 5049K [0x0000000795580000, 0x000000079e480000, 0x00000007c0000000)
  eden space 133120K, 0% used [0x0000000795580000,0x0000000795580000,0x000000079d780000)
  from space 6144K, 82% used [0x000000079de80000,0x000000079e36e590,0x000000079e480000)
  to   space 6656K, 0% used [0x000000079d780000,0x000000079d780000,0x000000079de00000)
 ParOldGen       total 87552K, used 1922K [0x0000000740000000, 0x0000000745580000, 0x0000000795580000)
  object space 87552K, 2% used [0x0000000740000000,0x00000007401e0bc8,0x0000000745580000)
 Metaspace       used 8231K, capacity 8488K, committed 8704K, reserved 1056768K
  class space    used 880K, capacity 962K, committed 1024K, reserved 1048576K
}

